[2026-05-08T07:46:15.305Z] IN POST /api/send-otp
[2026-05-08T07:46:17.342Z] OUT 500 Server error. Please try again.
[2026-05-08T07:46:17.405Z] IN GET /
[2026-05-08T07:47:00.183Z] IN POST /api/send-otp
[2026-05-08T07:47:02.393Z] PROVIDER {}
[2026-05-08T07:47:02.396Z] OUT 200 OTP sent to +919905987602.
[2026-05-08T07:47:15.733Z] IN GET /
[2026-05-08T07:47:15.835Z] IN GET /styles.css
[2026-05-08T07:47:15.837Z] IN GET /app.js
[2026-05-08T07:48:55.629Z] IN POST /api/send-otp
[2026-05-08T07:48:56.527Z] PROVIDER {}
[2026-05-08T07:48:56.527Z] OUT 200 OTP sent to +919905987602.
[2026-05-08T07:51:17.557Z] IN POST /api/send-otp
[2026-05-08T07:51:19.063Z] OUT 200 OTP sent to +919905987602.
[2026-05-08T07:51:19.063Z] PROVIDER {}
[2026-05-08T07:55:51.543Z] IN POST /api/send-otp
[2026-05-08T07:55:52.823Z] PROVIDER {"request_id":"3665686d79585a576d437730","type":"success"}
[2026-05-08T07:55:52.825Z] OUT 200 OTP sent to +919905987602.
[2026-05-08T07:56:26.788Z] IN GET /
[2026-05-08T07:56:26.996Z] IN GET /styles.css
[2026-05-08T07:56:26.998Z] IN GET /app.js
[2026-05-08T07:59:23.082Z] IN POST /api/send-otp
[2026-05-08T07:59:24.740Z] PROVIDER {"request_id":"3665686d43765a3241493137","type":"success"}
[2026-05-08T07:59:24.741Z] OUT 200 OTP sent to +919905987602.
[2026-05-08T07:59:59.673Z] IN GET /
[2026-05-08T08:00:10.488Z] IN GET /
[2026-05-08T08:00:55.967Z] IN POST /api/send-otp
[2026-05-08T08:00:57.462Z] PROVIDER {"request_id":"3665686d44326157376d514a","type":"success"}
[2026-05-08T08:00:57.462Z] OUT 200 OTP sent to +919905987602.
[2026-05-08T08:03:41.693Z] IN GET /app.js
[2026-05-08T08:03:59.277Z] IN GET /
[2026-05-08T08:03:59.417Z] IN GET /styles.css
[2026-05-08T08:03:59.419Z] IN GET /app.js
[2026-05-08T08:05:30.665Z] IN GET /
[2026-05-08T08:07:43.349Z] IN POST /api/send-otp
[2026-05-08T08:07:45.278Z] PROVIDER {"request_id":"3665686d4b507a4a70513761","type":"success"}
[2026-05-08T08:07:45.280Z] OUT 200 OTP sent to +919905987602.
[2026-05-08T08:15:27.496Z] IN GET /
[2026-05-08T08:15:27.669Z] IN GET /styles.css
[2026-05-08T08:15:27.932Z] IN GET /
[2026-05-08T08:15:27.957Z] IN GET /styles.css
[2026-05-08T08:15:27.959Z] IN GET /
[2026-05-08T08:15:27.960Z] IN GET /
[2026-05-08T08:17:34.194Z] IN GET /
[2026-05-08T08:17:34.307Z] IN GET /styles.css
[2026-05-08T08:17:34.309Z] IN GET /app.js
[2026-05-08T08:18:01.755Z] IN GET /
[2026-05-08T08:18:01.922Z] IN GET /styles.css
[2026-05-08T08:18:01.923Z] IN GET /app.js
[2026-05-08T08:18:03.623Z] IN GET /favicon.ico
[2026-05-08T14:12:20.611Z] IN POST /api/send-otp
[2026-05-08T14:12:21.902Z] PROVIDER {"request_id":"3665687350754b4737357176","type":"success"}
[2026-05-08T14:12:21.904Z] OUT 200 OTP sent to +919905987602.
[2026-05-10T08:39:44.427Z] IN GET /
[2026-05-10T08:39:44.631Z] IN GET /styles.css
[2026-05-10T08:39:44.633Z] IN GET /app.js
[2026-05-10T08:45:59.197Z] IN GET /
[2026-05-10T08:45:59.512Z] IN GET /styles.css
[2026-05-10T08:45:59.515Z] IN GET /app.js
[2026-05-10T08:46:20.548Z] IN GET /styles.css
[2026-05-10T08:49:22.924Z] IN GET /
[2026-05-10T08:49:23.184Z] IN GET /styles.css
[2026-05-10T08:49:23.604Z] IN GET /
[2026-05-10T08:49:23.613Z] IN GET /
[2026-05-10T08:49:23.618Z] IN GET /
[2026-05-10T08:49:23.621Z] IN GET /styles.css
[2026-05-10T08:49:23.631Z] IN GET /
[2026-05-10T08:49:23.632Z] IN GET /
[2026-05-10T08:49:56.485Z] IN GET /app.js
[2026-05-10T08:49:57.299Z] IN GET /assets/carehms-qr.png
[2026-05-10T09:18:42.340Z] IN GET /
[2026-05-10T09:18:42.752Z] IN GET /
[2026-05-10T09:18:43.284Z] IN GET /styles.css
[2026-05-10T09:18:43.293Z] IN GET /app.js
[2026-05-10T09:18:44.283Z] IN GET /assets/carehms-qr.png
[2026-05-10T09:19:55.215Z] IN POST /api/send-otp
[2026-05-10T09:19:56.486Z] PROVIDER {"request_id":"36656a6e573562354e653148","type":"success"}
[2026-05-10T09:19:56.487Z] OUT 200 OTP sent to +918789078543.
[2026-05-10T12:21:49.815Z] IN GET /
[2026-05-10T12:21:50.001Z] IN GET /styles.css
[2026-05-10T12:21:50.004Z] IN GET /app.js
[2026-05-10T12:21:50.225Z] IN GET /assets/carehms-qr.png
[2026-05-22T17:25:36.923Z] IN GET /
[2026-05-22T17:26:17.719Z] IN GET /
[2026-05-22T17:29:06.690Z] IN GET /
[2026-05-22T17:29:06.811Z] IN GET /styles.css
[2026-05-22T17:29:06.821Z] IN GET /app.js
[2026-05-22T17:29:07.228Z] IN GET /
[2026-05-22T17:29:07.245Z] IN GET /styles.css
[2026-05-22T17:29:07.256Z] IN GET /
[2026-05-22T17:29:07.255Z] IN GET /
[2026-05-22T17:29:08.511Z] IN GET /assets/carehms-qr.png
[2026-05-22T17:34:20.999Z] IN GET /
[2026-05-22T17:34:21.114Z] IN GET /styles.css
[2026-05-22T17:34:21.117Z] IN GET /app.js
[2026-05-22T17:34:21.894Z] IN GET /assets/carehms-qr.png
[2026-05-22T17:51:45.752Z] IN GET /
[2026-05-22T17:53:56.488Z] IN GET /
[2026-05-22T17:53:56.575Z] IN GET /styles.css
[2026-05-22T17:53:56.577Z] IN GET /app.js
[2026-05-22T17:53:56.985Z] IN GET /
[2026-05-22T17:53:56.995Z] IN GET /styles.css
[2026-05-22T17:53:57.003Z] IN GET /
[2026-05-22T17:53:57.003Z] IN GET /
[2026-05-22T17:53:57.007Z] IN GET /
[2026-05-22T17:53:57.240Z] IN GET /assets/carehms-qr.png
[2026-05-23T12:40:59.836Z] IN GET /
[2026-05-23T12:47:42.570Z] IN GET /
[2026-05-23T12:48:48.552Z] IN GET /
[2026-05-23T12:48:48.640Z] IN GET /styles.css
[2026-05-23T12:48:48.642Z] IN GET /app.js
[2026-05-23T12:48:49.417Z] IN GET /assets/carehms-qr.png
[2026-05-23T12:57:12.635Z] IN GET /
[2026-05-23T12:58:10.136Z] IN GET /
[2026-05-23T12:58:10.194Z] IN GET /styles.css
[2026-05-23T12:58:10.200Z] IN GET /app.js
[2026-05-23T12:58:10.582Z] IN GET /assets/carehms-qr.png
[2026-05-23T13:13:07.686Z] IN GET /
[2026-05-23T17:36:16.058Z] IN GET /
[2026-05-23T17:36:16.163Z] IN GET /styles.css
[2026-05-23T17:36:16.165Z] IN GET /app.js
[2026-05-23T17:36:16.666Z] IN GET /
[2026-05-23T17:36:16.676Z] IN GET /styles.css
[2026-05-23T17:36:16.683Z] IN GET /
[2026-05-23T17:36:16.685Z] IN GET /
[2026-05-23T17:36:16.687Z] IN GET /
[2026-05-23T17:36:17.643Z] IN GET /assets/carehms-qr.png
[2026-05-23T17:42:05.258Z] IN GET /
[2026-05-23T17:42:05.323Z] IN GET /styles.css
[2026-05-23T17:42:05.324Z] IN GET /app.js
[2026-05-23T17:42:05.837Z] IN GET /assets/carehms-qr.png
[2026-05-23T17:42:06.345Z] IN GET /favicon.ico
[2026-05-24T06:10:09.559Z] IN GET /
[2026-05-24T06:10:09.646Z] IN GET /styles.css
[2026-05-24T06:10:09.647Z] IN GET /app.js
[2026-05-24T06:10:10.255Z] IN GET /assets/carehms-qr.png
[2026-05-25T09:39:27.688Z] IN GET /
[2026-05-25T09:40:12.084Z] IN GET /
[2026-05-25T09:40:12.288Z] IN GET /styles.css
[2026-05-25T09:40:12.320Z] IN GET /app.js
[2026-05-25T09:40:12.754Z] IN GET /assets/carehms-qr.png
[2026-05-25T09:40:14.276Z] IN GET /favicon.ico
[2026-05-27T17:11:33.798Z] IN GET /
[2026-05-27T17:11:34.641Z] IN GET /styles.css
[2026-05-27T17:11:34.683Z] IN GET /app.js
[2026-05-27T17:11:35.171Z] IN GET /
[2026-05-27T17:11:35.188Z] IN GET /styles.css
[2026-05-27T17:11:35.204Z] IN GET /
[2026-05-27T17:11:35.206Z] IN GET /
[2026-05-27T17:11:35.208Z] IN GET /
[2026-05-27T17:11:36.162Z] IN GET /assets/carehms-qr.png
[2026-05-27T17:11:49.341Z] IN GET /
[2026-05-27T17:11:49.447Z] IN GET /styles.css
[2026-05-27T17:11:49.448Z] IN GET /app.js
[2026-05-27T17:11:49.863Z] IN GET /assets/carehms-qr.png
[2026-05-28T07:07:44.299Z] IN GET /
[2026-05-28T07:07:44.465Z] IN GET /styles.css
[2026-05-28T07:07:44.466Z] IN GET /app.js
[2026-05-28T07:07:44.647Z] IN GET /assets/carehms-qr.png
